<?xml version="1.0" encoding="UTF-8"?>
<!-- Generated by org.testng.reporters.JUnitXMLReporter -->
<testsuite ignored="0" hostname="DESKTOP-5VHFP6V" failures="0" tests="0" time="2.83" errors="0" timestamp="2024-05-16T15:04:57 EDT">
  <testcase classname="test.LoginTest" name="@BeforeTest launchBrowser" time="2.802">
    <failure type="io.github.bonigarcia.wdm.config.WebDriverManagerException" message="java.lang.NumberFormatException: For input string: &amp;quot;linux64&amp;quot;">
      <![CDATA[io.github.bonigarcia.wdm.config.WebDriverManagerException: java.lang.NumberFormatException: For input string: "linux64"
at io.github.bonigarcia.wdm.WebDriverManager.handleException(WebDriverManager.java:1429)
at io.github.bonigarcia.wdm.WebDriverManager.manage(WebDriverManager.java:1194)
at io.github.bonigarcia.wdm.WebDriverManager.fallback(WebDriverManager.java:1445)
at io.github.bonigarcia.wdm.WebDriverManager.handleException(WebDriverManager.java:1426)
at io.github.bonigarcia.wdm.WebDriverManager.manage(WebDriverManager.java:1194)
at io.github.bonigarcia.wdm.WebDriverManager.handleException(WebDriverManager.java:1419)
at io.github.bonigarcia.wdm.WebDriverManager.manage(WebDriverManager.java:1194)
at io.github.bonigarcia.wdm.WebDriverManager.setup(WebDriverManager.java:426)
at test.LoginTest.launchBrowser(LoginTest.java:57)
Caused by: java.lang.NumberFormatException: For input string: "linux64"
at java.base/java.lang.NumberFormatException.forInputString(NumberFormatException.java:68)
at java.base/java.lang.Integer.parseInt(Integer.java:652)
at java.base/java.lang.Integer.parseInt(Integer.java:770)
at io.github.bonigarcia.wdm.managers.ChromeDriverManager.buildUrl(ChromeDriverManager.java:178)
at io.github.bonigarcia.wdm.managers.ChromeDriverManager.buildUrl(ChromeDriverManager.java:155)
at io.github.bonigarcia.wdm.WebDriverManager.download(WebDriverManager.java:1271)
at io.github.bonigarcia.wdm.WebDriverManager.manage(WebDriverManager.java:1188)
... 31 more
... Removed 24 stack frames]]>
    </failure>
  </testcase> <!-- @BeforeTest launchBrowser -->
</testsuite>
