<?xml version="1.0" encoding="UTF-8"?>
<testng-results ignored="0" total="1" passed="1" failed="0" skipped="0">
  <reporter-output>
  </reporter-output>
  <suite started-at="2024-05-16T22:35:12 EDT" name="Default suite" finished-at="2024-05-16T22:35:20 EDT" duration-ms="7717">
    <groups>
    </groups>
    <test started-at="2024-05-16T22:35:12 EDT" name="Default test" finished-at="2024-05-16T22:35:20 EDT" duration-ms="7717">
      <class name="test.LoginTest">
        <test-method is-config="true" signature="getProperty()[pri:0, instance:test.LoginTest@6356695f]" started-at="2024-05-16T22:35:12 EDT" name="getProperty" finished-at="2024-05-16T22:35:12 EDT" duration-ms="10" status="PASS">
          <reporter-output>
          </reporter-output>
        </test-method> <!-- getProperty -->
        <test-method is-config="true" signature="launchBrowser()[pri:0, instance:test.LoginTest@6356695f]" started-at="2024-05-16T22:35:12 EDT" name="launchBrowser" finished-at="2024-05-16T22:35:17 EDT" duration-ms="4646" status="PASS">
          <reporter-output>
          </reporter-output>
        </test-method> <!-- launchBrowser -->
        <test-method signature="LoginFuncTest()[pri:0, instance:test.LoginTest@6356695f]" started-at="2024-05-16T22:35:17 EDT" name="LoginFuncTest" finished-at="2024-05-16T22:35:20 EDT" duration-ms="3023" status="PASS">
          <reporter-output>
          </reporter-output>
        </test-method> <!-- LoginFuncTest -->
      </class> <!-- test.LoginTest -->
    </test> <!-- Default test -->
  </suite> <!-- Default suite -->
</testng-results>
